2025-04-07 22:26:24 [INFO] - APIリクエスト受信: ::1
2025-04-07 22:26:24 [INFO] - 受信データ: {
  "device_number": 1,
  "free_space": 10485760
}
2025-04-07 22:26:24 [INFO] - データベース接続確立: localhost
2025-04-07 22:26:24 [INFO] - トランザクション開始成功
2025-04-07 22:26:24 [INFO] - デバイス番号 1 のデータ処理を開始
2025-04-07 22:26:24 [INFO] - SQL実行成功: SELECT id FROM devices WHERE device_number = ?
2025-04-07 22:26:24 [INFO] - fetchOne結果: データあり
2025-04-07 22:26:24 [INFO] - 既存デバイスを更新: デバイス番号 1
2025-04-07 22:26:24 [INFO] - SQL実行成功: UPDATE devices SET last_update = ? WHERE id = ?
2025-04-07 22:26:24 [INFO] - 更新成功: テーブル devices, 1行更新
2025-04-07 22:26:24 [INFO] - ストレージデータを追加: デバイス番号 1, 空き容量 10485760
2025-04-07 22:26:24 [INFO] - SQL実行成功: INSERT INTO storage_data (device_id, free_space, created_at) VALUES (?, ?, ?)
2025-04-07 22:26:24 [INFO] - 挿入成功: テーブル storage_data, ID 342
2025-04-07 22:26:24 [INFO] - トランザクションコミット成功
2025-04-07 22:26:24 [INFO] - データ処理完了: デバイス番号 1
2025-04-07 22:28:41 [INFO] - APIリクエスト受信: 127.0.0.1
2025-04-07 22:28:41 [INFO] - 受信データ: {"device_number":1,"free_space":5938106368}
2025-04-07 22:28:41 [INFO] - データベース接続確立: localhost
2025-04-07 22:28:41 [INFO] - トランザクション開始成功
2025-04-07 22:28:41 [INFO] - デバイス番号 1 のデータ処理を開始
2025-04-07 22:28:41 [INFO] - SQL実行成功: SELECT id FROM devices WHERE device_number = ?
2025-04-07 22:28:41 [INFO] - fetchOne結果: データあり
2025-04-07 22:28:41 [INFO] - 既存デバイスを更新: デバイス番号 1
2025-04-07 22:28:41 [INFO] - SQL実行成功: UPDATE devices SET last_update = ? WHERE id = ?
2025-04-07 22:28:41 [INFO] - 更新成功: テーブル devices, 1行更新
2025-04-07 22:28:41 [INFO] - ストレージデータを追加: デバイス番号 1, 空き容量 5938106368
2025-04-07 22:28:41 [INFO] - SQL実行成功: INSERT INTO storage_data (device_id, free_space, created_at) VALUES (?, ?, ?)
2025-04-07 22:28:41 [INFO] - 挿入成功: テーブル storage_data, ID 343
2025-04-07 22:28:41 [INFO] - トランザクションコミット成功
2025-04-07 22:28:41 [INFO] - データ処理完了: デバイス番号 1
2025-04-07 22:28:45 [INFO] - APIリクエスト受信: 127.0.0.1
2025-04-07 22:28:45 [INFO] - 受信データ: {"device_number":1,"free_space":5938077696}
2025-04-07 22:28:45 [INFO] - データベース接続確立: localhost
2025-04-07 22:28:45 [INFO] - トランザクション開始成功
2025-04-07 22:28:45 [INFO] - デバイス番号 1 のデータ処理を開始
2025-04-07 22:28:45 [INFO] - SQL実行成功: SELECT id FROM devices WHERE device_number = ?
2025-04-07 22:28:45 [INFO] - fetchOne結果: データあり
2025-04-07 22:28:45 [INFO] - 既存デバイスを更新: デバイス番号 1
2025-04-07 22:28:45 [INFO] - SQL実行成功: UPDATE devices SET last_update = ? WHERE id = ?
2025-04-07 22:28:45 [INFO] - 更新成功: テーブル devices, 1行更新
2025-04-07 22:28:45 [INFO] - ストレージデータを追加: デバイス番号 1, 空き容量 5938077696
2025-04-07 22:28:45 [INFO] - SQL実行成功: INSERT INTO storage_data (device_id, free_space, created_at) VALUES (?, ?, ?)
2025-04-07 22:28:45 [INFO] - 挿入成功: テーブル storage_data, ID 344
2025-04-07 22:28:45 [INFO] - トランザクションコミット成功
2025-04-07 22:28:45 [INFO] - データ処理完了: デバイス番号 1
2025-04-07 22:29:15 [INFO] - APIリクエスト受信: 127.0.0.1
2025-04-07 22:29:15 [INFO] - 受信データ: {"device_number":1,"free_space":5938495488}
2025-04-07 22:29:15 [INFO] - データベース接続確立: localhost
2025-04-07 22:29:15 [INFO] - トランザクション開始成功
2025-04-07 22:29:15 [INFO] - デバイス番号 1 のデータ処理を開始
2025-04-07 22:29:15 [INFO] - SQL実行成功: SELECT id FROM devices WHERE device_number = ?
2025-04-07 22:29:15 [INFO] - fetchOne結果: データあり
2025-04-07 22:29:15 [INFO] - 既存デバイスを更新: デバイス番号 1
2025-04-07 22:29:15 [INFO] - SQL実行成功: UPDATE devices SET last_update = ? WHERE id = ?
2025-04-07 22:29:15 [INFO] - 更新成功: テーブル devices, 1行更新
2025-04-07 22:29:15 [INFO] - ストレージデータを追加: デバイス番号 1, 空き容量 5938495488
2025-04-07 22:29:15 [INFO] - SQL実行成功: INSERT INTO storage_data (device_id, free_space, created_at) VALUES (?, ?, ?)
2025-04-07 22:29:15 [INFO] - 挿入成功: テーブル storage_data, ID 345
2025-04-07 22:29:15 [INFO] - トランザクションコミット成功
2025-04-07 22:29:15 [INFO] - データ処理完了: デバイス番号 1
2025-04-07 22:44:15 [INFO] - APIリクエスト受信: 127.0.0.1
2025-04-07 22:44:15 [INFO] - 受信データ: {"device_number":1,"free_space":5939089408}
2025-04-07 22:44:15 [INFO] - データベース接続確立: localhost
2025-04-07 22:44:15 [INFO] - トランザクション開始成功
2025-04-07 22:44:15 [INFO] - デバイス番号 1 のデータ処理を開始
2025-04-07 22:44:15 [INFO] - SQL実行成功: SELECT id FROM devices WHERE device_number = ?
2025-04-07 22:44:15 [INFO] - fetchOne結果: データあり
2025-04-07 22:44:15 [INFO] - 既存デバイスを更新: デバイス番号 1
2025-04-07 22:44:15 [INFO] - SQL実行成功: UPDATE devices SET last_update = ? WHERE id = ?
2025-04-07 22:44:15 [INFO] - 更新成功: テーブル devices, 1行更新
2025-04-07 22:44:15 [INFO] - ストレージデータを追加: デバイス番号 1, 空き容量 5939089408
2025-04-07 22:44:15 [INFO] - SQL実行成功: INSERT INTO storage_data (device_id, free_space, created_at) VALUES (?, ?, ?)
2025-04-07 22:44:15 [INFO] - 挿入成功: テーブル storage_data, ID 346
2025-04-07 22:44:15 [INFO] - トランザクションコミット成功
2025-04-07 22:44:15 [INFO] - データ処理完了: デバイス番号 1
2025-04-07 22:59:22 [INFO] - APIリクエスト受信: 127.0.0.1
2025-04-07 22:59:22 [INFO] - 受信データ: {"device_number":1,"free_space":5938036736}
2025-04-07 22:59:22 [INFO] - データベース接続確立: localhost
2025-04-07 22:59:22 [INFO] - トランザクション開始成功
2025-04-07 22:59:22 [INFO] - デバイス番号 1 のデータ処理を開始
2025-04-07 22:59:22 [INFO] - SQL実行成功: SELECT id FROM devices WHERE device_number = ?
2025-04-07 22:59:22 [INFO] - fetchOne結果: データあり
2025-04-07 22:59:22 [INFO] - 既存デバイスを更新: デバイス番号 1
2025-04-07 22:59:22 [INFO] - SQL実行成功: UPDATE devices SET last_update = ? WHERE id = ?
2025-04-07 22:59:22 [INFO] - 更新成功: テーブル devices, 1行更新
2025-04-07 22:59:22 [INFO] - ストレージデータを追加: デバイス番号 1, 空き容量 5938036736
2025-04-07 22:59:22 [INFO] - SQL実行成功: INSERT INTO storage_data (device_id, free_space, created_at) VALUES (?, ?, ?)
2025-04-07 22:59:22 [INFO] - 挿入成功: テーブル storage_data, ID 347
2025-04-07 22:59:22 [INFO] - トランザクションコミット成功
2025-04-07 22:59:22 [INFO] - データ処理完了: デバイス番号 1
2025-04-07 23:14:22 [INFO] - APIリクエスト受信: 127.0.0.1
2025-04-07 23:14:22 [INFO] - 受信データ: {"device_number":1,"free_space":5937942528}
2025-04-07 23:14:22 [INFO] - データベース接続確立: localhost
2025-04-07 23:14:22 [INFO] - トランザクション開始成功
2025-04-07 23:14:22 [INFO] - デバイス番号 1 のデータ処理を開始
2025-04-07 23:14:22 [INFO] - SQL実行成功: SELECT id FROM devices WHERE device_number = ?
2025-04-07 23:14:22 [INFO] - fetchOne結果: データあり
2025-04-07 23:14:22 [INFO] - 既存デバイスを更新: デバイス番号 1
2025-04-07 23:14:22 [INFO] - SQL実行成功: UPDATE devices SET last_update = ? WHERE id = ?
2025-04-07 23:14:22 [INFO] - 更新成功: テーブル devices, 1行更新
2025-04-07 23:14:22 [INFO] - ストレージデータを追加: デバイス番号 1, 空き容量 5937942528
2025-04-07 23:14:22 [INFO] - SQL実行成功: INSERT INTO storage_data (device_id, free_space, created_at) VALUES (?, ?, ?)
2025-04-07 23:14:22 [INFO] - 挿入成功: テーブル storage_data, ID 348
2025-04-07 23:14:22 [INFO] - トランザクションコミット成功
2025-04-07 23:14:22 [INFO] - データ処理完了: デバイス番号 1
